<?xml version="1.0" encoding="UTF-8"?>
<testsuite name="com.config.springconfigserverclient.SpringConfigServerClientApplicationTests" tests="1" skipped="0" failures="0" errors="0" timestamp="2022-01-26T08:06:01" hostname="ML-C02GG026MD6N" time="0.577">
  <properties/>
  <testcase name="contextLoads()" classname="com.config.springconfigserverclient.SpringConfigServerClientApplicationTests" time="0.577"/>
  <system-out><![CDATA[00:05:54.389 [Test worker] DEBUG org.springframework.test.context.BootstrapUtils - Instantiating CacheAwareContextLoaderDelegate from class [org.springframework.test.context.cache.DefaultCacheAwareContextLoaderDelegate]
00:05:54.410 [Test worker] DEBUG org.springframework.test.context.BootstrapUtils - Instantiating BootstrapContext using constructor [public org.springframework.test.context.support.DefaultBootstrapContext(java.lang.Class,org.springframework.test.context.CacheAwareContextLoaderDelegate)]
00:05:54.463 [Test worker] DEBUG org.springframework.test.context.BootstrapUtils - Instantiating TestContextBootstrapper for test class [com.config.springconfigserverclient.SpringConfigServerClientApplicationTests] from class [org.springframework.boot.test.context.SpringBootTestContextBootstrapper]
00:05:54.482 [Test worker] INFO org.springframework.boot.test.context.SpringBootTestContextBootstrapper - Neither @ContextConfiguration nor @ContextHierarchy found for test class [com.config.springconfigserverclient.SpringConfigServerClientApplicationTests], using SpringBootContextLoader
00:05:54.488 [Test worker] DEBUG org.springframework.test.context.support.AbstractContextLoader - Did not detect default resource location for test class [com.config.springconfigserverclient.SpringConfigServerClientApplicationTests]: class path resource [com/config/springconfigserverclient/SpringConfigServerClientApplicationTests-context.xml] does not exist
00:05:54.489 [Test worker] DEBUG org.springframework.test.context.support.AbstractContextLoader - Did not detect default resource location for test class [com.config.springconfigserverclient.SpringConfigServerClientApplicationTests]: class path resource [com/config/springconfigserverclient/SpringConfigServerClientApplicationTestsContext.groovy] does not exist
00:05:54.489 [Test worker] INFO org.springframework.test.context.support.AbstractContextLoader - Could not detect default resource locations for test class [com.config.springconfigserverclient.SpringConfigServerClientApplicationTests]: no resource found for suffixes {-context.xml, Context.groovy}.
00:05:54.490 [Test worker] INFO org.springframework.test.context.support.AnnotationConfigContextLoaderUtils - Could not detect default configuration classes for test class [com.config.springconfigserverclient.SpringConfigServerClientApplicationTests]: SpringConfigServerClientApplicationTests does not declare any static, non-private, non-final, nested classes annotated with @Configuration.
00:05:54.565 [Test worker] DEBUG org.springframework.test.context.support.ActiveProfilesUtils - Could not find an 'annotation declaring class' for annotation type [org.springframework.test.context.ActiveProfiles] and class [com.config.springconfigserverclient.SpringConfigServerClientApplicationTests]
00:05:54.674 [Test worker] DEBUG org.springframework.context.annotation.ClassPathScanningCandidateComponentProvider - Identified candidate component class: file [/Users/v.ganta/cssprojects/springconfigpoc/spring-config-server-client/build/classes/java/main/com/config/springconfigserverclient/SpringConfigServerClientApplication.class]
00:05:54.675 [Test worker] INFO org.springframework.boot.test.context.SpringBootTestContextBootstrapper - Found @SpringBootConfiguration com.config.springconfigserverclient.SpringConfigServerClientApplication for test class com.config.springconfigserverclient.SpringConfigServerClientApplicationTests
00:05:54.820 [Test worker] DEBUG org.springframework.boot.test.context.SpringBootTestContextBootstrapper - @TestExecutionListeners is not present for class [com.config.springconfigserverclient.SpringConfigServerClientApplicationTests]: using defaults.
00:05:54.820 [Test worker] INFO org.springframework.boot.test.context.SpringBootTestContextBootstrapper - Loaded default TestExecutionListener class names from location [META-INF/spring.factories]: [org.springframework.boot.test.autoconfigure.restdocs.RestDocsTestExecutionListener, org.springframework.boot.test.autoconfigure.web.client.MockRestServiceServerResetTestExecutionListener, org.springframework.boot.test.autoconfigure.web.servlet.MockMvcPrintOnlyOnFailureTestExecutionListener, org.springframework.boot.test.autoconfigure.web.servlet.WebDriverTestExecutionListener, org.springframework.boot.test.autoconfigure.webservices.client.MockWebServiceServerTestExecutionListener, org.springframework.boot.test.mock.mockito.MockitoTestExecutionListener, org.springframework.boot.test.mock.mockito.ResetMocksTestExecutionListener, org.springframework.test.context.web.ServletTestExecutionListener, org.springframework.test.context.support.DirtiesContextBeforeModesTestExecutionListener, org.springframework.test.context.event.ApplicationEventsTestExecutionListener, org.springframework.test.context.support.DependencyInjectionTestExecutionListener, org.springframework.test.context.support.DirtiesContextTestExecutionListener, org.springframework.test.context.transaction.TransactionalTestExecutionListener, org.springframework.test.context.jdbc.SqlScriptsTestExecutionListener, org.springframework.test.context.event.EventPublishingTestExecutionListener]
00:05:54.847 [Test worker] INFO org.springframework.boot.test.context.SpringBootTestContextBootstrapper - Using TestExecutionListeners: [org.springframework.test.context.web.ServletTestExecutionListener@59455b80, org.springframework.test.context.support.DirtiesContextBeforeModesTestExecutionListener@1e12b4c8, org.springframework.test.context.event.ApplicationEventsTestExecutionListener@37ee3569, org.springframework.boot.test.mock.mockito.MockitoTestExecutionListener@26599986, org.springframework.boot.test.autoconfigure.SpringBootDependencyInjectionTestExecutionListener@55b35f96, org.springframework.test.context.support.DirtiesContextTestExecutionListener@5e8c151c, org.springframework.test.context.transaction.TransactionalTestExecutionListener@180f36d9, org.springframework.test.context.jdbc.SqlScriptsTestExecutionListener@727009f7, org.springframework.test.context.event.EventPublishingTestExecutionListener@3df0b7c0, org.springframework.boot.test.autoconfigure.restdocs.RestDocsTestExecutionListener@36a6197, org.springframework.boot.test.autoconfigure.web.client.MockRestServiceServerResetTestExecutionListener@62b236dd, org.springframework.boot.test.autoconfigure.web.servlet.MockMvcPrintOnlyOnFailureTestExecutionListener@10ffa4cd, org.springframework.boot.test.autoconfigure.web.servlet.WebDriverTestExecutionListener@28094fa5, org.springframework.boot.test.autoconfigure.webservices.client.MockWebServiceServerTestExecutionListener@78bff5ea, org.springframework.boot.test.mock.mockito.ResetMocksTestExecutionListener@bc830fe]
00:05:54.853 [Test worker] DEBUG org.springframework.test.context.support.AbstractDirtiesContextTestExecutionListener - Before test class: context [DefaultTestContext@431f3756 testClass = SpringConfigServerClientApplicationTests, testInstance = [null], testMethod = [null], testException = [null], mergedContextConfiguration = [WebMergedContextConfiguration@589a3e0a testClass = SpringConfigServerClientApplicationTests, locations = '{}', classes = '{class com.config.springconfigserverclient.SpringConfigServerClientApplication}', contextInitializerClasses = '[]', activeProfiles = '{}', propertySourceLocations = '{}', propertySourceProperties = '{org.springframework.boot.test.context.SpringBootTestContextBootstrapper=true}', contextCustomizers = set[org.springframework.boot.test.autoconfigure.actuate.metrics.MetricsExportContextCustomizerFactory$DisableMetricExportContextCustomizer@19daff5, org.springframework.boot.test.autoconfigure.properties.PropertyMappingContextCustomizer@0, org.springframework.boot.test.autoconfigure.web.servlet.WebDriverContextCustomizerFactory$Customizer@3b7899c1, org.springframework.boot.test.context.filter.ExcludeFilterContextCustomizer@7e1ecd22, org.springframework.boot.test.json.DuplicateJsonObjectContextCustomizerFactory$DuplicateJsonObjectContextCustomizer@7e38c088, org.springframework.boot.test.mock.mockito.MockitoContextCustomizer@0, org.springframework.boot.test.web.client.TestRestTemplateContextCustomizer@47f43b8e, org.springframework.boot.test.context.SpringBootTestArgs@1, org.springframework.boot.test.context.SpringBootTestWebEnvironment@3451bc6f], resourceBasePath = 'src/main/webapp', contextLoader = 'org.springframework.boot.test.context.SpringBootContextLoader', parent = [null]], attributes = map['org.springframework.test.context.web.ServletTestExecutionListener.activateListener' -> true]], class annotated with @DirtiesContext [false] with mode [null].
00:05:54.907 [Test worker] DEBUG org.springframework.test.context.support.TestPropertySourceUtils - Adding inlined properties to environment: {spring.jmx.enabled=false, org.springframework.boot.test.context.SpringBootTestContextBootstrapper=true}

  .   ____          _            __ _ _
 /\\ / ___'_ __ _ _(_)_ __  __ _ \ \ \ \
( ( )\___ | '_ | '_| | '_ \/ _` | \ \ \ \
 \\/  ___)| |_)| | | | | || (_| |  ) ) ) )
  '  |____| .__|_| |_|_| |_\__, | / / / /
 =========|_|==============|___/=/_/_/_/
 :: Spring Boot ::                (v2.4.5)

2022-01-26 00:05:57.724  INFO 88756 --- [    Test worker] SpringConfigServerClientApplicationTests : Starting SpringConfigServerClientApplicationTests using Java 11.0.12 on ML-C02GG026MD6N with PID 88756 (started by v.ganta in /Users/v.ganta/cssprojects/springconfigpoc/spring-config-server-client)
2022-01-26 00:05:57.725  INFO 88756 --- [    Test worker] SpringConfigServerClientApplicationTests : The following profiles are active: qa
2022-01-26 00:05:57.763  INFO 88756 --- [    Test worker] o.s.b.context.config.ConfigDataLoader    : Fetching config from server at : https://spring-cloud-config-serv.herokuapp.com
2022-01-26 00:05:57.763  INFO 88756 --- [    Test worker] o.s.b.context.config.ConfigDataLoader    : Located environment: name=number-service,mule-server, profiles=[qa], label=null, version=35d98462b5d734b9492c7c60e758b819ae8a07de, state=null
2022-01-26 00:05:59.038  INFO 88756 --- [    Test worker] o.s.cloud.context.scope.GenericScope     : BeanFactory id=383e4fc8-58f3-3f40-926e-78c3ddabf5fe
2022-01-26 00:06:00.325  INFO 88756 --- [    Test worker] o.s.s.concurrent.ThreadPoolTaskExecutor  : Initializing ExecutorService 'applicationTaskExecutor'
2022-01-26 00:06:01.134  INFO 88756 --- [    Test worker] o.s.b.a.e.web.EndpointLinksResolver      : Exposing 1 endpoint(s) beneath base path '/actuator'
2022-01-26 00:06:01.210  INFO 88756 --- [    Test worker] SpringConfigServerClientApplicationTests : Started SpringConfigServerClientApplicationTests in 6.272 seconds (JVM running for 8.344)
]]></system-out>
  <system-err><![CDATA[]]></system-err>
</testsuite>
