<?xml version="1.0" encoding="UTF-8"?>
<testsuite name="com.config.springconfigserverclient.SpringConfigServerClientApplicationTests" tests="1" skipped="0" failures="0" errors="0" timestamp="2022-01-26T18:18:43" hostname="ML-C02GG026MD6N" time="0.369">
  <properties/>
  <testcase name="contextLoads()" classname="com.config.springconfigserverclient.SpringConfigServerClientApplicationTests" time="0.369"/>
  <system-out><![CDATA[10:18:09.494 [Test worker] DEBUG org.springframework.test.context.BootstrapUtils - Instantiating CacheAwareContextLoaderDelegate from class [org.springframework.test.context.cache.DefaultCacheAwareContextLoaderDelegate]
10:18:09.504 [Test worker] DEBUG org.springframework.test.context.BootstrapUtils - Instantiating BootstrapContext using constructor [public org.springframework.test.context.support.DefaultBootstrapContext(java.lang.Class,org.springframework.test.context.CacheAwareContextLoaderDelegate)]
10:18:09.531 [Test worker] DEBUG org.springframework.test.context.BootstrapUtils - Instantiating TestContextBootstrapper for test class [com.config.springconfigserverclient.SpringConfigServerClientApplicationTests] from class [org.springframework.boot.test.context.SpringBootTestContextBootstrapper]
10:18:09.540 [Test worker] INFO org.springframework.boot.test.context.SpringBootTestContextBootstrapper - Neither @ContextConfiguration nor @ContextHierarchy found for test class [com.config.springconfigserverclient.SpringConfigServerClientApplicationTests], using SpringBootContextLoader
10:18:09.544 [Test worker] DEBUG org.springframework.test.context.support.AbstractContextLoader - Did not detect default resource location for test class [com.config.springconfigserverclient.SpringConfigServerClientApplicationTests]: class path resource [com/config/springconfigserverclient/SpringConfigServerClientApplicationTests-context.xml] does not exist
10:18:09.544 [Test worker] DEBUG org.springframework.test.context.support.AbstractContextLoader - Did not detect default resource location for test class [com.config.springconfigserverclient.SpringConfigServerClientApplicationTests]: class path resource [com/config/springconfigserverclient/SpringConfigServerClientApplicationTestsContext.groovy] does not exist
10:18:09.544 [Test worker] INFO org.springframework.test.context.support.AbstractContextLoader - Could not detect default resource locations for test class [com.config.springconfigserverclient.SpringConfigServerClientApplicationTests]: no resource found for suffixes {-context.xml, Context.groovy}.
10:18:09.545 [Test worker] INFO org.springframework.test.context.support.AnnotationConfigContextLoaderUtils - Could not detect default configuration classes for test class [com.config.springconfigserverclient.SpringConfigServerClientApplicationTests]: SpringConfigServerClientApplicationTests does not declare any static, non-private, non-final, nested classes annotated with @Configuration.
10:18:09.588 [Test worker] DEBUG org.springframework.test.context.support.ActiveProfilesUtils - Could not find an 'annotation declaring class' for annotation type [org.springframework.test.context.ActiveProfiles] and class [com.config.springconfigserverclient.SpringConfigServerClientApplicationTests]
10:18:09.641 [Test worker] DEBUG org.springframework.context.annotation.ClassPathScanningCandidateComponentProvider - Identified candidate component class: file [/Users/v.ganta/cssprojects/springconfigpoc/spring-config-server-client/build/classes/java/main/com/config/springconfigserverclient/SpringConfigServerClientApplication.class]
10:18:09.642 [Test worker] INFO org.springframework.boot.test.context.SpringBootTestContextBootstrapper - Found @SpringBootConfiguration com.config.springconfigserverclient.SpringConfigServerClientApplication for test class com.config.springconfigserverclient.SpringConfigServerClientApplicationTests
10:18:09.717 [Test worker] DEBUG org.springframework.boot.test.context.SpringBootTestContextBootstrapper - @TestExecutionListeners is not present for class [com.config.springconfigserverclient.SpringConfigServerClientApplicationTests]: using defaults.
10:18:09.718 [Test worker] INFO org.springframework.boot.test.context.SpringBootTestContextBootstrapper - Loaded default TestExecutionListener class names from location [META-INF/spring.factories]: [org.springframework.boot.test.autoconfigure.restdocs.RestDocsTestExecutionListener, org.springframework.boot.test.autoconfigure.web.client.MockRestServiceServerResetTestExecutionListener, org.springframework.boot.test.autoconfigure.web.servlet.MockMvcPrintOnlyOnFailureTestExecutionListener, org.springframework.boot.test.autoconfigure.web.servlet.WebDriverTestExecutionListener, org.springframework.boot.test.autoconfigure.webservices.client.MockWebServiceServerTestExecutionListener, org.springframework.boot.test.mock.mockito.MockitoTestExecutionListener, org.springframework.boot.test.mock.mockito.ResetMocksTestExecutionListener, org.springframework.test.context.web.ServletTestExecutionListener, org.springframework.test.context.support.DirtiesContextBeforeModesTestExecutionListener, org.springframework.test.context.event.ApplicationEventsTestExecutionListener, org.springframework.test.context.support.DependencyInjectionTestExecutionListener, org.springframework.test.context.support.DirtiesContextTestExecutionListener, org.springframework.test.context.transaction.TransactionalTestExecutionListener, org.springframework.test.context.jdbc.SqlScriptsTestExecutionListener, org.springframework.test.context.event.EventPublishingTestExecutionListener]
10:18:09.734 [Test worker] INFO org.springframework.boot.test.context.SpringBootTestContextBootstrapper - Using TestExecutionListeners: [org.springframework.test.context.web.ServletTestExecutionListener@4d618288, org.springframework.test.context.support.DirtiesContextBeforeModesTestExecutionListener@75f1cdc, org.springframework.test.context.event.ApplicationEventsTestExecutionListener@1acc41e8, org.springframework.boot.test.mock.mockito.MockitoTestExecutionListener@9dca17e, org.springframework.boot.test.autoconfigure.SpringBootDependencyInjectionTestExecutionListener@48e8070f, org.springframework.test.context.support.DirtiesContextTestExecutionListener@372e5b32, org.springframework.test.context.transaction.TransactionalTestExecutionListener@4f158f3e, org.springframework.test.context.jdbc.SqlScriptsTestExecutionListener@23ae00f3, org.springframework.test.context.event.EventPublishingTestExecutionListener@2bf6abf6, org.springframework.boot.test.autoconfigure.restdocs.RestDocsTestExecutionListener@6ec48271, org.springframework.boot.test.autoconfigure.web.client.MockRestServiceServerResetTestExecutionListener@d4b9ce8, org.springframework.boot.test.autoconfigure.web.servlet.MockMvcPrintOnlyOnFailureTestExecutionListener@5eb1bc2a, org.springframework.boot.test.autoconfigure.web.servlet.WebDriverTestExecutionListener@40061511, org.springframework.boot.test.autoconfigure.webservices.client.MockWebServiceServerTestExecutionListener@a9bd06a, org.springframework.boot.test.mock.mockito.ResetMocksTestExecutionListener@5be6b10d]
10:18:09.737 [Test worker] DEBUG org.springframework.test.context.support.AbstractDirtiesContextTestExecutionListener - Before test class: context [DefaultTestContext@3d654bf0 testClass = SpringConfigServerClientApplicationTests, testInstance = [null], testMethod = [null], testException = [null], mergedContextConfiguration = [WebMergedContextConfiguration@6485ede8 testClass = SpringConfigServerClientApplicationTests, locations = '{}', classes = '{class com.config.springconfigserverclient.SpringConfigServerClientApplication}', contextInitializerClasses = '[]', activeProfiles = '{}', propertySourceLocations = '{}', propertySourceProperties = '{org.springframework.boot.test.context.SpringBootTestContextBootstrapper=true}', contextCustomizers = set[org.springframework.boot.test.autoconfigure.actuate.metrics.MetricsExportContextCustomizerFactory$DisableMetricExportContextCustomizer@e800845, org.springframework.boot.test.autoconfigure.properties.PropertyMappingContextCustomizer@0, org.springframework.boot.test.autoconfigure.web.servlet.WebDriverContextCustomizerFactory$Customizer@5117dfa8, org.springframework.boot.test.context.filter.ExcludeFilterContextCustomizer@5d84a50b, org.springframework.boot.test.json.DuplicateJsonObjectContextCustomizerFactory$DuplicateJsonObjectContextCustomizer@3b358ab9, org.springframework.boot.test.mock.mockito.MockitoContextCustomizer@0, org.springframework.boot.test.web.client.TestRestTemplateContextCustomizer@77c5f2ad, org.springframework.boot.test.context.SpringBootTestArgs@1, org.springframework.boot.test.context.SpringBootTestWebEnvironment@76cc258b], resourceBasePath = 'src/main/webapp', contextLoader = 'org.springframework.boot.test.context.SpringBootContextLoader', parent = [null]], attributes = map['org.springframework.test.context.web.ServletTestExecutionListener.activateListener' -> true]], class annotated with @DirtiesContext [false] with mode [null].
10:18:09.764 [Test worker] DEBUG org.springframework.test.context.support.TestPropertySourceUtils - Adding inlined properties to environment: {spring.jmx.enabled=false, org.springframework.boot.test.context.SpringBootTestContextBootstrapper=true}

  .   ____          _            __ _ _
 /\\ / ___'_ __ _ _(_)_ __  __ _ \ \ \ \
( ( )\___ | '_ | '_| | '_ \/ _` | \ \ \ \
 \\/  ___)| |_)| | | | | || (_| |  ) ) ) )
  '  |____| .__|_| |_|_| |_\__, | / / / /
 =========|_|==============|___/=/_/_/_/
 :: Spring Boot ::                (v2.4.5)

2022-01-26 10:18:41.940  INFO 99659 --- [    Test worker] SpringConfigServerClientApplicationTests : Starting SpringConfigServerClientApplicationTests using Java 11.0.12 on ML-C02GG026MD6N with PID 99659 (started by v.ganta in /Users/v.ganta/cssprojects/springconfigpoc/spring-config-server-client)
2022-01-26 10:18:41.941  INFO 99659 --- [    Test worker] SpringConfigServerClientApplicationTests : The following profiles are active: qa
2022-01-26 10:18:41.961  INFO 99659 --- [    Test worker] o.s.b.context.config.ConfigDataLoader    : Fetching config from server at : https://spring-cloud-config-serv.herokuapp.com
2022-01-26 10:18:41.962  WARN 99659 --- [    Test worker] o.s.b.context.config.ConfigDataLoader    : Could not locate PropertySource ([ConfigServerConfigDataResource@4047ddb3 uris = array<String>['https://spring-cloud-config-serv.herokuapp.com'], optional = true, profiles = list['qa']]): None of labels [] found
2022-01-26 10:18:42.665  INFO 99659 --- [    Test worker] o.s.cloud.context.scope.GenericScope     : BeanFactory id=bb672306-d3c4-3364-baa4-b813b82d97f7
2022-01-26 10:18:43.361  INFO 99659 --- [    Test worker] o.s.s.concurrent.ThreadPoolTaskExecutor  : Initializing ExecutorService 'applicationTaskExecutor'
2022-01-26 10:18:43.847  INFO 99659 --- [    Test worker] o.s.b.a.e.web.EndpointLinksResolver      : Exposing 1 endpoint(s) beneath base path '/actuator'
2022-01-26 10:18:43.896  INFO 99659 --- [    Test worker] SpringConfigServerClientApplicationTests : Started SpringConfigServerClientApplicationTests in 34.11 seconds (JVM running for 35.099)
]]></system-out>
  <system-err><![CDATA[]]></system-err>
</testsuite>
